{
  "RSpec": {
    "coverage": {
      "/home/venorme/TeaShop/app/controllers/application_controller.rb": [
        1,
        1,
        null,
        1,
        null,
        1,
        3,
        null,
        null,
        null,
        null,
        1,
        0,
        null,
        null,
        null,
        null,
        null,
        null,
        null,
        null,
        null
      ],
      "/home/venorme/TeaShop/app/helpers/application_helper.rb": [
        1,
        null
      ],
      "/home/venorme/TeaShop/app/helpers/api/v1/orders_helper.rb": [
        1,
        null
      ],
      "/home/venorme/TeaShop/app/helpers/api/v1/orders_products_helper.rb": [
        1,
        null
      ],
      "/home/venorme/TeaShop/app/helpers/api/v1/products_helper.rb": [
        1,
        null
      ],
      "/home/venorme/TeaShop/app/helpers/api/v1/users_helper.rb": [
        1,
        null
      ],
      "/home/venorme/TeaShop/app/helpers/api/v1/users/sessions_helper.rb": [
        1,
        null
      ],
      "/home/venorme/TeaShop/app/models/order.rb": [
        1,
        1,
        1,
        1,
        null,
        1,
        1,
        1,
        null
      ],
      "/home/venorme/TeaShop/app/models/product.rb": [
        1,
        1,
        1,
        null,
        1,
        1,
        1,
        1,
        null
      ],
      "/home/venorme/TeaShop/app/models/user.rb": [
        1,
        1,
        null,
        null,
        null,
        1,
        null,
        1,
        null,
        1,
        null,
        1,
        1,
        null,
        1,
        1,
        null,
        null,
        1,
        null,
        1,
        null,
        1,
        17,
        null,
        null,
        1,
        17,
        null,
        null
      ],
      "/home/venorme/TeaShop/app/controllers/api/v1/orders_controller.rb": [
        1,
        null,
        null,
        null,
        1,
        null,
        null,
        null,
        1,
        null,
        null,
        null,
        1,
        5,
        5,
        5,
        5,
        0,
        0,
        0,
        0,
        0,
        0,
        0,
        0,
        null,
        0,
        0,
        0,
        null,
        0,
        null,
        null,
        null,
        1,
        null,
        null,
        null,
        1,
        null,
        1,
        0,
        0,
        null,
        0,
        null,
        null,
        null,
        1,
        0,
        null,
        null,
        null,
        null,
        null,
        null,
        null,
        null,
        null,
        null,
        null,
        null,
        null,
        null,
        null,
        null,
        null,
        null,
        null,
        null,
        null,
        null,
        null,
        null,
        null,
        null,
        null,
        null,
        null,
        null,
        null,
        null,
        null,
        null,
        null,
        null,
        null,
        null,
        null,
        null,
        null,
        null,
        null,
        null,
        null,
        null,
        null,
        null,
        null,
        null,
        null,
        null,
        null,
        null,
        null,
        null,
        null,
        null,
        null,
        null,
        null,
        null,
        null,
        null,
        null,
        null,
        null,
        null,
        null,
        null,
        null,
        1,
        0,
        null,
        null
      ],
      "/home/venorme/TeaShop/app/controllers/api/v1/orders_products_controller.rb": [
        1,
        null,
        null
      ],
      "/home/venorme/TeaShop/app/controllers/api/v1/products_controller.rb": [
        1,
        1,
        null,
        null,
        null,
        1,
        7,
        7,
        5,
        null,
        2,
        null,
        null,
        null,
        1,
        2,
        null,
        null,
        1,
        4,
        4,
        3,
        null,
        1,
        null,
        null,
        null,
        1,
        2,
        2,
        2,
        null,
        0,
        null,
        null,
        null,
        1,
        5,
        5,
        4,
        4,
        null,
        1,
        null,
        null,
        null,
        1,
        7,
        7,
        6,
        6,
        null,
        1,
        null,
        null,
        null,
        1,
        null,
        1,
        0,
        0,
        null,
        0,
        null,
        null,
        null,
        1,
        0,
        null,
        null,
        null,
        null,
        1,
        11,
        null,
        null,
        null
      ],
      "/home/venorme/TeaShop/app/controllers/api/v1/users/passwords_controller.rb": [
        1,
        1,
        null,
        1,
        1,
        0,
        0,
        0,
        null,
        null,
        null
      ],
      "/home/venorme/TeaShop/app/controllers/api/v1/users/registrations_controller.rb": [
        1,
        1,
        null,
        1,
        0,
        null,
        null,
        1,
        null,
        1,
        0,
        null,
        null
      ],
      "/home/venorme/TeaShop/app/controllers/api/v1/users/sessions_controller.rb": [
        1,
        1,
        1,
        null,
        1,
        0,
        null,
        null,
        1,
        null,
        1,
        0,
        null,
        null,
        null,
        null,
        0,
        null,
        null,
        null,
        null,
        null
      ],
      "/home/venorme/TeaShop/app/controllers/api/v1/users_controller.rb": [
        1,
        null
      ],
      "/home/venorme/TeaShop/app/models/orders_product.rb": [
        1,
        1,
        1,
        null,
        1,
        null
      ]
    },
    "timestamp": 1471531175
  }
}
