{
  "RSpec": {
    "coverage": {
      "/home/railsoft/TeaShop/app/controllers/application_controller.rb": [
        1,
        1,
        null,
        1,
        null,
        1,
        6,
        null,
        null,
        null,
        null,
        1,
        53,
        37,
        null,
        16,
        null,
        null,
        null,
        1,
        7,
        null,
        11,
        null,
        null,
        1,
        16,
        null,
        null,
        null,
        null,
        1,
        19,
        null,
        null,
        null,
        null
      ],
      "/home/railsoft/TeaShop/app/helpers/application_helper.rb": [
        1,
        null
      ],
      "/home/railsoft/TeaShop/app/helpers/api/v1/addresses_helper.rb": [
        1,
        null
      ],
      "/home/railsoft/TeaShop/app/helpers/api/v1/orders_helper.rb": [
        1,
        null
      ],
      "/home/railsoft/TeaShop/app/helpers/api/v1/products_helper.rb": [
        1,
        null
      ],
      "/home/railsoft/TeaShop/app/helpers/api/v1/shipments_helper.rb": [
        1,
        null
      ],
      "/home/railsoft/TeaShop/app/helpers/api/v1/users/sessions_helper.rb": [
        1,
        null
      ],
      "/home/railsoft/TeaShop/app/models/address.rb": [
        1,
        1,
        null,
        1,
        null,
        1,
        null,
        1,
        1,
        null,
        null,
        1,
        null,
        1,
        null,
        1,
        52,
        null,
        null,
        1,
        52,
        null,
        null
      ],
      "/home/railsoft/TeaShop/app/models/order.rb": [
        1,
        1,
        1,
        null,
        1,
        1,
        null
      ],
      "/home/railsoft/TeaShop/app/models/orders_product.rb": [
        1,
        1,
        1,
        null,
        1,
        null
      ],
      "/home/railsoft/TeaShop/app/models/product.rb": [
        1,
        1,
        1,
        null,
        1,
        1,
        1,
        1,
        null
      ],
      "/home/railsoft/TeaShop/app/models/shipment.rb": [
        1,
        1,
        null,
        1,
        1,
        null
      ],
      "/home/railsoft/TeaShop/app/models/user.rb": [
        1,
        1,
        null,
        null,
        null,
        1,
        null,
        1,
        1,
        null,
        1,
        null
      ],
      "/home/railsoft/TeaShop/app/controllers/api/v1/addresses_controller.rb": [
        1,
        1,
        1,
        null,
        1,
        1,
        null,
        null,
        1,
        0,
        null,
        null,
        0,
        null,
        null,
        1,
        null,
        1,
        0,
        null,
        null
      ],
      "/home/railsoft/TeaShop/app/controllers/api/v1/orders_controller.rb": [
        1,
        1,
        1,
        1,
        null,
        1,
        1,
        1,
        1,
        1,
        1,
        1,
        0,
        null,
        null,
        1,
        null,
        null,
        1,
        3,
        3,
        3,
        3,
        0,
        0,
        null,
        3,
        3,
        3,
        3,
        null,
        0,
        0,
        null,
        null,
        null,
        1,
        3,
        3,
        2,
        2,
        null,
        1,
        null,
        null,
        null,
        1,
        4,
        4,
        3,
        null,
        3,
        null,
        1,
        null,
        null,
        null,
        1,
        null,
        1,
        9,
        null,
        null,
        1,
        2,
        null,
        null
      ],
      "/home/railsoft/TeaShop/app/controllers/api/v1/products_controller.rb": [
        1,
        1,
        1,
        1,
        null,
        1,
        4,
        4,
        2,
        null,
        2,
        null,
        null,
        null,
        1,
        4,
        4,
        null,
        null,
        null,
        null,
        1,
        2,
        2,
        1,
        null,
        1,
        null,
        null,
        null,
        1,
        2,
        2,
        1,
        null,
        1,
        null,
        null,
        null,
        1,
        3,
        3,
        2,
        2,
        null,
        1,
        null,
        null,
        null,
        1,
        4,
        4,
        3,
        3,
        null,
        1,
        null,
        null,
        null,
        1,
        null,
        1,
        6,
        null,
        null,
        null,
        1,
        4,
        null,
        null,
        1,
        4,
        null,
        null,
        1,
        4,
        null,
        null
      ],
      "/home/railsoft/TeaShop/app/controllers/api/v1/shipments_controller.rb": [
        1,
        null,
        1,
        null,
        1,
        1,
        null,
        null
      ],
      "/home/railsoft/TeaShop/app/controllers/api/v1/users/passwords_controller.rb": [
        1,
        1,
        1,
        null,
        1,
        1,
        8,
        8,
        3,
        null,
        null,
        null
      ],
      "/home/railsoft/TeaShop/app/controllers/api/v1/users/registrations_controller.rb": [
        1,
        1,
        null,
        1,
        14,
        14,
        1,
        null,
        null,
        null,
        null,
        1,
        null,
        1,
        42,
        null,
        null
      ],
      "/home/railsoft/TeaShop/app/controllers/api/v1/users/sessions_controller.rb": [
        1,
        1,
        1,
        null,
        1,
        6,
        null,
        null
      ],
      "/home/railsoft/TeaShop/app/mailers/user_mailer.rb": [
        1,
        1,
        3,
        null,
        null
      ],
      "/home/railsoft/TeaShop/app/mailers/application_mailer.rb": [
        1,
        1,
        1,
        null
      ]
    },
    "timestamp": 1472825040
  }
}
